[2020-12-05T14:39:16.931] [DEBUG] cheese - login => username:admin,password:123456
[2020-12-05T14:39:16.933] [DEBUG] cheese - admin
[2020-12-05T14:39:16.949] [DEBUG] cheese - null
[2020-12-05T14:39:16.949] [DEBUG] cheese - null
[2020-12-06T13:42:11.953] [DEBUG] cheese - login => username:andim,password:123456
[2020-12-06T13:42:11.955] [DEBUG] cheese - andim
[2020-12-06T13:42:11.979] [DEBUG] cheese - null
[2020-12-06T13:42:11.979] [DEBUG] cheese - null
[2020-12-06T13:42:13.363] [DEBUG] cheese - login => username:andim,password:123456
[2020-12-06T13:42:13.363] [DEBUG] cheese - andim
[2020-12-06T13:42:13.366] [DEBUG] cheese - null
[2020-12-06T13:42:13.366] [DEBUG] cheese - null
[2020-12-06T13:42:13.789] [DEBUG] cheese - login => username:andim,password:123456
[2020-12-06T13:42:13.789] [DEBUG] cheese - andim
[2020-12-06T13:42:13.791] [DEBUG] cheese - null
[2020-12-06T13:42:13.791] [DEBUG] cheese - null
[2020-12-06T13:42:13.948] [DEBUG] cheese - login => username:andim,password:123456
[2020-12-06T13:42:13.948] [DEBUG] cheese - andim
[2020-12-06T13:42:13.952] [DEBUG] cheese - null
[2020-12-06T13:42:13.952] [DEBUG] cheese - null
[2020-12-06T13:42:14.123] [DEBUG] cheese - login => username:andim,password:123456
[2020-12-06T13:42:14.123] [DEBUG] cheese - andim
[2020-12-06T13:42:14.126] [DEBUG] cheese - null
[2020-12-06T13:42:14.127] [DEBUG] cheese - null
[2020-12-06T13:42:14.307] [DEBUG] cheese - login => username:andim,password:123456
[2020-12-06T13:42:14.308] [DEBUG] cheese - andim
[2020-12-06T13:42:14.309] [DEBUG] cheese - null
[2020-12-06T13:42:14.310] [DEBUG] cheese - null
[2020-12-06T13:44:04.055] [DEBUG] cheese - login => username:113232,password:2223232
[2020-12-06T13:44:04.055] [DEBUG] cheese - 113232
[2020-12-06T13:44:04.057] [DEBUG] cheese - null
[2020-12-06T13:44:04.057] [DEBUG] cheese - null
[2020-12-06T13:44:04.881] [DEBUG] cheese - login => username:113232,password:2223232
[2020-12-06T13:44:04.881] [DEBUG] cheese - 113232
[2020-12-06T13:44:04.883] [DEBUG] cheese - null
[2020-12-06T13:44:04.883] [DEBUG] cheese - null
[2020-12-06T13:44:05.059] [DEBUG] cheese - login => username:113232,password:2223232
[2020-12-06T13:44:05.059] [DEBUG] cheese - 113232
[2020-12-06T13:44:05.062] [DEBUG] cheese - null
[2020-12-06T13:44:05.062] [DEBUG] cheese - null
[2020-12-06T13:44:05.246] [DEBUG] cheese - login => username:113232,password:2223232
[2020-12-06T13:44:05.246] [DEBUG] cheese - 113232
[2020-12-06T13:44:05.248] [DEBUG] cheese - null
[2020-12-06T13:44:05.248] [DEBUG] cheese - null
[2020-12-06T13:44:05.401] [DEBUG] cheese - login => username:113232,password:2223232
[2020-12-06T13:44:05.401] [DEBUG] cheese - 113232
[2020-12-06T13:44:05.405] [DEBUG] cheese - null
[2020-12-06T13:44:05.405] [DEBUG] cheese - null
[2020-12-06T13:44:05.586] [DEBUG] cheese - login => username:113232,password:2223232
[2020-12-06T13:44:05.587] [DEBUG] cheese - 113232
[2020-12-06T13:44:05.593] [DEBUG] cheese - null
[2020-12-06T13:44:05.593] [DEBUG] cheese - null
[2020-12-06T13:44:47.375] [DEBUG] cheese - login => username:3423423,password:dsadasd
[2020-12-06T13:44:47.376] [DEBUG] cheese - 3423423
[2020-12-06T13:44:47.378] [DEBUG] cheese - null
[2020-12-06T13:44:47.378] [DEBUG] cheese - null
[2020-12-06T13:47:31.321] [DEBUG] cheese - login => username:342324,password:342342342
[2020-12-06T13:47:31.321] [DEBUG] cheese - 342324
[2020-12-06T13:47:31.325] [DEBUG] cheese - null
[2020-12-06T13:47:31.325] [DEBUG] cheese - null
[2020-12-06T13:48:44.438] [DEBUG] cheese - login => username:4232,password:sadsada
[2020-12-06T13:48:44.438] [DEBUG] cheese - 4232
[2020-12-06T13:48:44.442] [DEBUG] cheese - null
[2020-12-06T13:48:44.442] [DEBUG] cheese - null
[2020-12-06T13:52:37.337] [DEBUG] cheese - login => username:23231,password:3432432
[2020-12-06T13:52:37.337] [DEBUG] cheese - 23231
[2020-12-06T13:52:37.340] [DEBUG] cheese - null
[2020-12-06T13:52:37.341] [DEBUG] cheese - null
[2020-12-06T13:52:55.638] [DEBUG] cheese - login => username:32235,password:sdaasd
[2020-12-06T13:52:55.638] [DEBUG] cheese - 32235
[2020-12-06T13:52:55.640] [DEBUG] cheese - null
[2020-12-06T13:52:55.640] [DEBUG] cheese - null
[2020-12-06T13:53:55.301] [DEBUG] cheese - login => username:42323423,password:dfsfds
[2020-12-06T13:53:55.301] [DEBUG] cheese - 42323423
[2020-12-06T13:53:55.303] [DEBUG] cheese - null
[2020-12-06T13:53:55.303] [DEBUG] cheese - null
[2020-12-06T13:54:04.740] [DEBUG] cheese - login => username:admin,password:123456
[2020-12-06T13:54:04.740] [DEBUG] cheese - admin
[2020-12-06T13:54:04.745] [DEBUG] cheese - null
[2020-12-06T13:54:04.745] [DEBUG] cheese - null
[2020-12-06T13:56:49.459] [DEBUG] cheese - login => username:2232,password:3311321321
[2020-12-06T13:56:49.459] [DEBUG] cheese - 2232
[2020-12-06T13:56:49.462] [DEBUG] cheese - null
[2020-12-06T13:56:49.462] [DEBUG] cheese - null
[2020-12-06T13:57:25.502] [DEBUG] cheese - login => username:3323,password:2223232
[2020-12-06T13:57:25.502] [DEBUG] cheese - 3323
[2020-12-06T13:57:25.504] [DEBUG] cheese - null
[2020-12-06T13:57:25.505] [DEBUG] cheese - null
[2020-12-06T14:32:59.955] [DEBUG] cheese - login => username:432423,password:dsasada
[2020-12-06T14:32:59.956] [DEBUG] cheese - 432423
[2020-12-06T14:32:59.958] [DEBUG] cheese - null
[2020-12-06T14:32:59.958] [DEBUG] cheese - null
[2020-12-06T14:33:09.334] [DEBUG] cheese - login => username:admin,password:123456
[2020-12-06T14:33:09.334] [DEBUG] cheese - admin
[2020-12-06T14:33:09.337] [DEBUG] cheese - null
[2020-12-06T14:33:09.337] [DEBUG] cheese - null
[2020-12-06T14:33:28.937] [DEBUG] cheese - login => username:admin,password:123456
[2020-12-06T14:33:28.937] [DEBUG] cheese - admin
[2020-12-06T14:33:28.940] [DEBUG] cheese - null
[2020-12-06T14:33:28.941] [DEBUG] cheese - null
[2020-12-06T14:36:21.851] [DEBUG] cheese - login => username:admin,password:123456
[2020-12-06T14:36:21.851] [DEBUG] cheese - admin
[2020-12-06T14:36:21.853] [DEBUG] cheese - null
[2020-12-06T14:36:21.853] [DEBUG] cheese - null
[2020-12-06T14:38:55.346] [DEBUG] cheese - login => username:admin,password:123456
[2020-12-06T14:38:55.347] [DEBUG] cheese - admin
[2020-12-06T14:38:55.350] [DEBUG] cheese - null
[2020-12-06T14:38:55.350] [DEBUG] cheese - null
[2020-12-06T14:38:59.920] [DEBUG] cheese - login => username:admin,password:123456
[2020-12-06T14:38:59.920] [DEBUG] cheese - admin
[2020-12-06T14:38:59.922] [DEBUG] cheese - null
[2020-12-06T14:38:59.922] [DEBUG] cheese - null
[2020-12-06T14:39:16.772] [DEBUG] cheese - login => username:admin,password:123456
[2020-12-06T14:39:16.772] [DEBUG] cheese - admin
[2020-12-06T14:39:16.775] [DEBUG] cheese - null
[2020-12-06T14:39:16.776] [DEBUG] cheese - null
[2020-12-06T14:39:30.172] [DEBUG] cheese - login => username:admin333,password:123456
[2020-12-06T14:39:30.172] [DEBUG] cheese - admin333
[2020-12-06T14:39:30.174] [DEBUG] cheese - null
[2020-12-06T14:39:30.174] [DEBUG] cheese - null
[2020-12-06T14:39:33.023] [DEBUG] cheese - login => username:admin,password:123456
[2020-12-06T14:39:33.024] [DEBUG] cheese - admin
[2020-12-06T14:39:33.027] [DEBUG] cheese - null
[2020-12-06T14:39:33.027] [DEBUG] cheese - null
[2020-12-06T14:42:50.577] [DEBUG] cheese - login => username:admin,password:123456
[2020-12-06T14:42:50.577] [DEBUG] cheese - admin
[2020-12-06T14:42:50.580] [DEBUG] cheese - null
[2020-12-06T14:42:50.580] [DEBUG] cheese - null
[2020-12-06T14:58:15.739] [DEBUG] cheese - login => username:admin,password:123456
[2020-12-06T14:58:15.739] [DEBUG] cheese - admin
[2020-12-06T14:58:15.744] [DEBUG] cheese - null
[2020-12-06T14:58:15.744] [DEBUG] cheese - null
[2020-12-06T14:58:19.336] [DEBUG] cheese - login => username:admin333,password:123456
[2020-12-06T14:58:19.336] [DEBUG] cheese - admin333
[2020-12-06T14:58:19.338] [DEBUG] cheese - null
[2020-12-06T14:58:19.339] [DEBUG] cheese - null
[2020-12-06T14:58:20.649] [DEBUG] cheese - login => username:admin333,password:123456
[2020-12-06T14:58:20.649] [DEBUG] cheese - admin333
[2020-12-06T14:58:20.652] [DEBUG] cheese - null
[2020-12-06T14:58:20.652] [DEBUG] cheese - null
[2020-12-06T14:58:39.308] [DEBUG] cheese - login => username:admin,password:123456
[2020-12-06T14:58:39.308] [DEBUG] cheese - admin
[2020-12-06T14:58:39.311] [DEBUG] cheese - null
[2020-12-06T14:58:39.311] [DEBUG] cheese - null
[2020-12-06T15:54:42.506] [DEBUG] cheese - login => username:admin,password:123456
[2020-12-06T15:54:42.506] [DEBUG] cheese - admin
[2020-12-06T15:54:42.509] [DEBUG] cheese - null
[2020-12-06T15:54:42.509] [DEBUG] cheese - null
[2020-12-06T15:55:07.942] [DEBUG] cheese - login => username:admin,password:123456
[2020-12-06T15:55:07.942] [DEBUG] cheese - admin
[2020-12-06T15:55:07.945] [DEBUG] cheese - null
[2020-12-06T15:55:07.945] [DEBUG] cheese - null
[2020-12-06T15:55:10.025] [DEBUG] cheese - login => username:admin,password:123456
[2020-12-06T15:55:10.025] [DEBUG] cheese - admin
[2020-12-06T15:55:10.027] [DEBUG] cheese - null
[2020-12-06T15:55:10.027] [DEBUG] cheese - null
[2020-12-06T15:55:13.656] [DEBUG] cheese - login => username:admin,password:123456
[2020-12-06T15:55:13.656] [DEBUG] cheese - admin
[2020-12-06T15:55:13.658] [DEBUG] cheese - null
[2020-12-06T15:55:13.659] [DEBUG] cheese - null
[2020-12-06T16:09:46.803] [DEBUG] cheese - login => username:admin,password:123456
[2020-12-06T16:09:46.803] [DEBUG] cheese - admin
[2020-12-06T16:09:46.806] [DEBUG] cheese - null
[2020-12-06T16:09:46.806] [DEBUG] cheese - null
[2020-12-06T16:12:16.635] [DEBUG] cheese - login => username:admin,password:123456
[2020-12-06T16:12:16.635] [DEBUG] cheese - admin
[2020-12-06T16:12:16.639] [DEBUG] cheese - null
[2020-12-06T16:12:16.639] [DEBUG] cheese - null
[2020-12-07T08:46:36.250] [DEBUG] cheese - login => username:admin,password:123456
[2020-12-07T08:46:36.250] [DEBUG] cheese - admin
[2020-12-07T08:46:36.261] [DEBUG] cheese - null
[2020-12-07T08:46:36.261] [DEBUG] cheese - null
[2020-12-07T11:55:17.529] [DEBUG] cheese - login => username:admin,password:123456
[2020-12-07T11:55:17.529] [DEBUG] cheese - admin
[2020-12-07T11:55:17.537] [DEBUG] cheese - null
[2020-12-07T11:55:17.538] [DEBUG] cheese - null
[2020-12-07T11:55:21.252] [DEBUG] cheese - login => username:admin,password:123456
[2020-12-07T11:55:21.252] [DEBUG] cheese - admin
[2020-12-07T11:55:21.255] [DEBUG] cheese - null
[2020-12-07T11:55:21.255] [DEBUG] cheese - null
[2020-12-07T11:55:25.574] [DEBUG] cheese - login => username:admin,password:123456
[2020-12-07T11:55:25.574] [DEBUG] cheese - admin
[2020-12-07T11:55:25.576] [DEBUG] cheese - null
[2020-12-07T11:55:25.576] [DEBUG] cheese - null
[2020-12-07T19:52:34.710] [DEBUG] cheese - login => username:admin,password:123456
[2020-12-07T19:52:34.710] [DEBUG] cheese - admin
[2020-12-07T19:52:34.716] [DEBUG] cheese - null
[2020-12-07T19:52:34.716] [DEBUG] cheese - null
[2020-12-07T19:56:04.484] [DEBUG] cheese - login => username:admin,password:123456
[2020-12-07T19:56:04.484] [DEBUG] cheese - admin
[2020-12-07T19:56:04.487] [DEBUG] cheese - null
[2020-12-07T19:56:04.487] [DEBUG] cheese - null
[2020-12-07T19:58:43.305] [DEBUG] cheese - login => username:admin,password:123456
[2020-12-07T19:58:43.305] [DEBUG] cheese - admin
[2020-12-07T19:58:43.307] [DEBUG] cheese - null
[2020-12-07T19:58:43.307] [DEBUG] cheese - null
[2020-12-07T20:56:48.472] [DEBUG] cheese - login => username:admin,password:123456
[2020-12-07T20:56:48.472] [DEBUG] cheese - admin
[2020-12-07T20:56:48.478] [DEBUG] cheese - null
[2020-12-07T20:56:48.478] [DEBUG] cheese - null
[2020-12-08T10:53:35.041] [DEBUG] cheese - login => username:adminsss,password:123456
[2020-12-08T10:53:35.043] [DEBUG] cheese - adminsss
[2020-12-08T10:53:35.064] [DEBUG] cheese - null
[2020-12-08T10:53:35.065] [DEBUG] cheese - null
[2020-12-08T10:53:38.675] [DEBUG] cheese - login => username:admin,password:123456
[2020-12-08T10:53:38.675] [DEBUG] cheese - admin
[2020-12-08T10:53:38.680] [DEBUG] cheese - null
[2020-12-08T10:53:38.680] [DEBUG] cheese - null
[2020-12-08T11:08:04.959] [DEBUG] cheese - login => username:admin,password:123456
[2020-12-08T11:08:04.959] [DEBUG] cheese - admin
[2020-12-08T11:08:04.963] [DEBUG] cheese - null
[2020-12-08T11:08:04.964] [DEBUG] cheese - null
[2020-12-08T11:13:24.541] [DEBUG] cheese - login => username:admin,password:123456
[2020-12-08T11:13:24.541] [DEBUG] cheese - admin
[2020-12-08T11:13:24.544] [DEBUG] cheese - null
[2020-12-08T11:13:24.544] [DEBUG] cheese - null
[2020-12-08T11:14:56.599] [DEBUG] cheese - login => username:admin,password:123456
[2020-12-08T11:14:56.600] [DEBUG] cheese - admin
[2020-12-08T11:14:56.602] [DEBUG] cheese - null
[2020-12-08T11:14:56.603] [DEBUG] cheese - null
[2020-12-08T11:15:06.114] [DEBUG] cheese - login => username:admin,password:123456
[2020-12-08T11:15:06.114] [DEBUG] cheese - admin
[2020-12-08T11:15:06.119] [DEBUG] cheese - null
[2020-12-08T11:15:06.119] [DEBUG] cheese - null
[2020-12-08T11:37:44.980] [DEBUG] cheese - login => username:admin,password:123456
[2020-12-08T11:37:44.980] [DEBUG] cheese - admin
[2020-12-08T11:37:44.983] [DEBUG] cheese - null
[2020-12-08T11:37:44.983] [DEBUG] cheese - null
[2020-12-08T13:15:58.050] [DEBUG] cheese - login => username:admin,password:123456
[2020-12-08T13:15:58.050] [DEBUG] cheese - admin
[2020-12-08T13:15:58.056] [DEBUG] cheese - null
[2020-12-08T13:15:58.057] [DEBUG] cheese - null
[2020-12-08T13:20:21.815] [DEBUG] cheese - login => username:admin,password:123456
[2020-12-08T13:20:21.815] [DEBUG] cheese - admin
[2020-12-08T13:20:21.819] [DEBUG] cheese - null
[2020-12-08T13:20:21.819] [DEBUG] cheese - null
[2020-12-08T13:20:28.761] [DEBUG] cheese - login => username:admin,password:123456
[2020-12-08T13:20:28.761] [DEBUG] cheese - admin
[2020-12-08T13:20:28.764] [DEBUG] cheese - null
[2020-12-08T13:20:28.764] [DEBUG] cheese - null
[2020-12-08T13:55:03.431] [DEBUG] cheese - login => username:admin,password:123456
[2020-12-08T13:55:03.431] [DEBUG] cheese - admin
[2020-12-08T13:55:03.434] [DEBUG] cheese - null
[2020-12-08T13:55:03.434] [DEBUG] cheese - null
[2020-12-08T13:56:49.492] [DEBUG] cheese - login => username:admin,password:123456
[2020-12-08T13:56:49.492] [DEBUG] cheese - admin
[2020-12-08T13:56:49.495] [DEBUG] cheese - null
[2020-12-08T13:56:49.495] [DEBUG] cheese - null
[2020-12-08T17:31:21.741] [DEBUG] cheese - login => username:admin,password:123456
[2020-12-08T17:31:21.741] [DEBUG] cheese - admin
[2020-12-08T17:31:21.747] [DEBUG] cheese - null
[2020-12-08T17:31:21.747] [DEBUG] cheese - null
[2020-12-08T23:43:18.339] [DEBUG] cheese - login => username:admin,password:123456
[2020-12-08T23:43:18.339] [DEBUG] cheese - admin
[2020-12-08T23:43:18.344] [DEBUG] cheese - null
[2020-12-08T23:43:18.345] [DEBUG] cheese - null
[2020-12-17T10:18:30.166] [DEBUG] cheese - login => username:admin,password:123456
[2020-12-17T10:18:30.170] [DEBUG] cheese - admin
[2020-12-17T10:18:30.238] [DEBUG] cheese - null
[2020-12-17T10:18:30.239] [DEBUG] cheese - null
[2020-12-17T21:24:11.076] [DEBUG] cheese - login => username:admin,password:123456
[2020-12-17T21:24:11.077] [DEBUG] cheese - admin
[2020-12-17T21:24:11.083] [DEBUG] cheese - null
[2020-12-17T21:24:11.083] [DEBUG] cheese - null
[2020-12-18T09:54:31.151] [DEBUG] cheese - login => username:admin,password:123456
[2020-12-18T09:54:31.154] [DEBUG] cheese - admin
[2020-12-18T09:54:31.179] [DEBUG] cheese - null
[2020-12-18T09:54:31.180] [DEBUG] cheese - null
[2020-12-19T11:25:43.904] [DEBUG] cheese - login => username:admin,password:123456
[2020-12-19T11:25:43.905] [DEBUG] cheese - admin
[2020-12-19T11:25:43.915] [DEBUG] cheese - null
[2020-12-19T11:25:43.915] [DEBUG] cheese - null
[2020-12-20T11:34:19.812] [DEBUG] cheese - login => username:admin,password:123456
[2020-12-20T11:34:19.812] [DEBUG] cheese - admin
[2020-12-20T11:34:19.821] [DEBUG] cheese - null
[2020-12-20T11:34:19.822] [DEBUG] cheese - null
[2020-12-21T10:15:33.435] [DEBUG] cheese - login => username:admin,password:123456
[2020-12-21T10:15:33.436] [DEBUG] cheese - admin
[2020-12-21T10:15:33.462] [DEBUG] cheese - null
[2020-12-21T10:15:33.463] [DEBUG] cheese - null
[2020-12-29T21:11:59.627] [DEBUG] cheese - login => username:admin,password:123456
[2020-12-29T21:11:59.629] [DEBUG] cheese - admin
[2020-12-29T21:11:59.655] [DEBUG] cheese - null
[2020-12-29T21:11:59.655] [DEBUG] cheese - null
[2020-12-29T22:11:24.780] [DEBUG] cheese - login => username:admin,password:123456
[2020-12-29T22:11:24.780] [DEBUG] cheese - admin
[2020-12-29T22:11:24.785] [DEBUG] cheese - null
[2020-12-29T22:11:24.785] [DEBUG] cheese - null
[2021-01-23T10:55:31.757] [DEBUG] cheese - login => username:admin,password:123456
[2021-01-23T10:55:31.759] [DEBUG] cheese - admin
[2021-01-23T10:55:31.789] [DEBUG] cheese - null
[2021-01-23T10:55:31.789] [DEBUG] cheese - null
[2021-01-23T10:56:06.080] [DEBUG] cheese - login => username:admin,password:123456
[2021-01-23T10:56:06.080] [DEBUG] cheese - admin
[2021-01-23T10:56:06.084] [DEBUG] cheese - null
[2021-01-23T10:56:06.084] [DEBUG] cheese - null
[2021-01-29T13:51:26.345] [DEBUG] cheese - login => username:admin,password:123456
[2021-01-29T13:51:26.346] [DEBUG] cheese - admin
[2021-01-29T13:51:26.373] [DEBUG] cheese - null
[2021-01-29T13:51:26.373] [DEBUG] cheese - null
[2021-01-29T15:13:51.565] [DEBUG] cheese - login => username:admin,password:123456
[2021-01-29T15:13:51.566] [DEBUG] cheese - admin
[2021-01-29T15:13:51.586] [DEBUG] cheese - null
[2021-01-29T15:13:51.586] [DEBUG] cheese - null
[2021-01-30T09:49:16.295] [DEBUG] cheese - login => username:admin,password:123456
[2021-01-30T09:49:16.296] [DEBUG] cheese - admin
[2021-01-30T09:49:16.318] [DEBUG] cheese - null
[2021-01-30T09:49:16.318] [DEBUG] cheese - null
[2021-01-30T12:54:28.054] [DEBUG] cheese - login => username:admin,password:123456
[2021-01-30T12:54:28.054] [DEBUG] cheese - admin
[2021-01-30T12:54:28.073] [DEBUG] cheese - null
[2021-01-30T12:54:28.073] [DEBUG] cheese - null
[2021-01-30T14:34:47.224] [DEBUG] cheese - login => username:admin,password:123456
[2021-01-30T14:34:47.224] [DEBUG] cheese - admin
[2021-01-30T14:34:47.229] [DEBUG] cheese - null
[2021-01-30T14:34:47.229] [DEBUG] cheese - null
[2021-01-31T17:38:15.190] [DEBUG] cheese - login => username:admin,password:123456
[2021-01-31T17:38:15.192] [DEBUG] cheese - admin
[2021-01-31T17:38:15.211] [DEBUG] cheese - null
[2021-01-31T17:38:15.211] [DEBUG] cheese - null
[2021-02-01T12:16:24.610] [DEBUG] cheese - login => username:admin,password:123456
[2021-02-01T12:16:24.612] [DEBUG] cheese - admin
[2021-02-01T12:16:24.642] [DEBUG] cheese - null
[2021-02-01T12:16:24.643] [DEBUG] cheese - null
[2021-02-01T13:04:04.444] [DEBUG] cheese - login => username:admin,password:123456
[2021-02-01T13:04:04.444] [DEBUG] cheese - admin
[2021-02-01T13:04:04.448] [DEBUG] cheese - null
[2021-02-01T13:04:04.449] [DEBUG] cheese - null
[2021-02-01T13:46:06.819] [DEBUG] cheese - login => username:admin,password:123456
[2021-02-01T13:46:06.824] [DEBUG] cheese - admin
[2021-02-01T13:46:06.845] [DEBUG] cheese - null
[2021-02-01T13:46:06.846] [DEBUG] cheese - null
[2021-02-01T14:56:33.990] [DEBUG] cheese - login => username:admin,password:123456
[2021-02-01T14:56:33.991] [DEBUG] cheese - admin
[2021-02-01T14:56:33.997] [DEBUG] cheese - null
[2021-02-01T14:56:33.997] [DEBUG] cheese - null
[2021-02-02T13:20:12.057] [DEBUG] cheese - login => username:admin,password:123456
[2021-02-02T13:20:12.058] [DEBUG] cheese - admin
[2021-02-02T13:20:12.063] [DEBUG] cheese - null
[2021-02-02T13:20:12.063] [DEBUG] cheese - null
[2021-02-03T14:41:14.085] [DEBUG] cheese - login => username:admin,password:123456
[2021-02-03T14:41:14.088] [DEBUG] cheese - admin
[2021-02-03T14:41:14.117] [DEBUG] cheese - null
[2021-02-03T14:41:14.117] [DEBUG] cheese - null
[2021-02-04T09:17:30.201] [DEBUG] cheese - login => username:admin,password:123456
[2021-02-04T09:17:30.202] [DEBUG] cheese - admin
[2021-02-04T09:17:30.224] [DEBUG] cheese - null
[2021-02-04T09:17:30.225] [DEBUG] cheese - null
[2021-02-04T09:32:11.611] [DEBUG] cheese - null
[2021-02-04T09:42:55.427] [DEBUG] cheese - null
[2021-02-04T09:48:10.622] [DEBUG] cheese - null
[2021-02-04T09:48:19.577] [DEBUG] cheese - null
[2021-02-04T09:48:22.246] [DEBUG] cheese - null
[2021-02-04T13:05:02.176] [DEBUG] cheese - login => username:admin,password:123456
[2021-02-04T13:05:02.177] [DEBUG] cheese - admin
[2021-02-04T13:05:02.180] [DEBUG] cheese - null
[2021-02-04T13:05:02.180] [DEBUG] cheese - null
[2021-02-05T14:55:05.143] [DEBUG] cheese - login => username:admin,password:123456
[2021-02-05T14:55:05.145] [DEBUG] cheese - admin
[2021-02-05T14:55:05.167] [DEBUG] cheese - null
[2021-02-05T14:55:05.168] [DEBUG] cheese - null
[2021-02-24T09:10:46.716] [DEBUG] cheese - login => username:admin,password:123456
[2021-02-24T09:10:46.718] [DEBUG] cheese - admin
[2021-02-24T09:10:46.760] [DEBUG] cheese - null
[2021-02-24T09:10:46.760] [DEBUG] cheese - null
[2021-02-25T08:56:13.185] [DEBUG] cheese - login => username:admin,password:123456
[2021-02-25T08:56:13.187] [DEBUG] cheese - admin
[2021-02-25T08:56:13.212] [DEBUG] cheese - null
[2021-02-25T08:56:13.213] [DEBUG] cheese - null
[2021-03-29T14:34:58.762] [DEBUG] cheese - login => username:admin,password:123456
[2021-03-29T14:34:58.763] [DEBUG] cheese - admin
[2021-03-29T14:34:58.789] [DEBUG] cheese - null
[2021-03-29T14:34:58.790] [DEBUG] cheese - null
[2021-03-29T14:35:02.265] [DEBUG] cheese - login => username:admin,password:123456
[2021-03-29T14:35:02.265] [DEBUG] cheese - admin
[2021-03-29T14:35:02.269] [DEBUG] cheese - null
[2021-03-29T14:35:02.269] [DEBUG] cheese - null
[2021-03-29T14:41:26.234] [DEBUG] cheese - login => username:admin,password:123456
[2021-03-29T14:41:26.234] [DEBUG] cheese - admin
[2021-03-29T14:41:26.239] [DEBUG] cheese - null
[2021-03-29T14:41:26.239] [DEBUG] cheese - null
[2021-03-29T17:15:42.539] [DEBUG] cheese - login => username:admin,password:123456
[2021-03-29T17:15:42.539] [DEBUG] cheese - admin
[2021-03-29T17:15:42.542] [DEBUG] cheese - null
[2021-03-29T17:15:42.542] [DEBUG] cheese - null
[2021-03-29T17:15:46.170] [DEBUG] cheese - login => username:admin,password:123456
[2021-03-29T17:15:46.170] [DEBUG] cheese - admin
[2021-03-29T17:15:46.172] [DEBUG] cheese - null
[2021-03-29T17:15:46.172] [DEBUG] cheese - null
[2021-03-29T17:15:51.821] [DEBUG] cheese - login => username:admin,password:123456
[2021-03-29T17:15:51.821] [DEBUG] cheese - admin
[2021-03-29T17:15:51.824] [DEBUG] cheese - null
[2021-03-29T17:15:51.824] [DEBUG] cheese - null
[2021-03-29T17:53:24.793] [DEBUG] cheese - login => username:admin,password:123456
[2021-03-29T17:53:24.793] [DEBUG] cheese - admin
[2021-03-29T17:53:24.796] [DEBUG] cheese - null
[2021-03-29T17:53:24.797] [DEBUG] cheese - null
[2021-03-29T17:55:00.716] [DEBUG] cheese - login => username:admin,password:123456
[2021-03-29T17:55:00.716] [DEBUG] cheese - admin
[2021-03-29T17:55:00.719] [DEBUG] cheese - null
[2021-03-29T17:55:00.720] [DEBUG] cheese - null
[2021-04-01T08:23:18.383] [DEBUG] cheese - login => username:admin,password:123456
[2021-04-01T08:23:18.386] [DEBUG] cheese - admin
[2021-04-01T08:23:18.433] [DEBUG] cheese - null
[2021-04-01T08:23:18.434] [DEBUG] cheese - null
[2021-04-01T08:24:15.920] [DEBUG] cheese - login => username:admin,password:123456
[2021-04-01T08:24:15.920] [DEBUG] cheese - admin
[2021-04-01T08:24:15.923] [DEBUG] cheese - null
[2021-04-01T08:24:15.923] [DEBUG] cheese - null
[2021-04-10T12:19:53.306] [DEBUG] cheese - login => username:admin,password:123456
[2021-04-10T12:19:53.309] [DEBUG] cheese - admin
[2021-04-10T12:19:53.355] [DEBUG] cheese - null
[2021-04-10T12:19:53.357] [DEBUG] cheese - null
[2021-04-11T16:02:00.482] [DEBUG] cheese - login => username:admin,password:123456
[2021-04-11T16:02:00.483] [DEBUG] cheese - admin
[2021-04-11T16:02:00.516] [DEBUG] cheese - null
[2021-04-11T16:02:00.516] [DEBUG] cheese - null
[2021-04-11T16:03:05.313] [DEBUG] cheese - login => username:admin,password:123456
[2021-04-11T16:03:05.313] [DEBUG] cheese - admin
[2021-04-11T16:03:05.316] [DEBUG] cheese - null
[2021-04-11T16:03:05.316] [DEBUG] cheese - null
[2021-04-11T16:04:29.199] [DEBUG] cheese - login => username:admin,password:123456
[2021-04-11T16:04:29.200] [DEBUG] cheese - admin
[2021-04-11T16:04:29.202] [DEBUG] cheese - null
[2021-04-11T16:04:29.202] [DEBUG] cheese - null
[2021-04-11T16:04:29.951] [DEBUG] cheese - login => username:admin,password:123456
[2021-04-11T16:04:29.951] [DEBUG] cheese - admin
[2021-04-11T16:04:29.953] [DEBUG] cheese - null
[2021-04-11T16:04:29.954] [DEBUG] cheese - null
[2021-04-11T16:04:30.135] [DEBUG] cheese - login => username:admin,password:123456
[2021-04-11T16:04:30.135] [DEBUG] cheese - admin
[2021-04-11T16:04:30.137] [DEBUG] cheese - null
[2021-04-11T16:04:30.137] [DEBUG] cheese - null
[2021-04-11T16:04:30.287] [DEBUG] cheese - login => username:admin,password:123456
[2021-04-11T16:04:30.287] [DEBUG] cheese - admin
[2021-04-11T16:04:30.289] [DEBUG] cheese - null
[2021-04-11T16:04:30.289] [DEBUG] cheese - null
[2021-04-11T16:04:49.807] [DEBUG] cheese - login => username:admin,password:123456
[2021-04-11T16:04:49.807] [DEBUG] cheese - admin
[2021-04-11T16:04:49.814] [DEBUG] cheese - null
[2021-04-11T16:04:49.814] [DEBUG] cheese - null
[2021-04-11T16:06:06.214] [DEBUG] cheese - login => username:admin,password:123456
[2021-04-11T16:06:06.214] [DEBUG] cheese - admin
[2021-04-11T16:06:06.217] [DEBUG] cheese - null
[2021-04-11T16:06:06.218] [DEBUG] cheese - null
[2021-04-11T16:06:44.198] [DEBUG] cheese - login => username:admin,password:123456
[2021-04-11T16:06:44.199] [DEBUG] cheese - admin
[2021-04-11T16:06:44.203] [DEBUG] cheese - null
[2021-04-11T16:06:44.203] [DEBUG] cheese - null
[2021-04-11T16:14:47.278] [DEBUG] cheese - login => username:admin,password:123456
[2021-04-11T16:14:47.279] [DEBUG] cheese - admin
[2021-04-11T16:14:47.281] [DEBUG] cheese - null
[2021-04-11T16:14:47.282] [DEBUG] cheese - null
[2021-04-11T16:14:49.747] [DEBUG] cheese - login => username:admin,password:123456ssss
[2021-04-11T16:14:49.747] [DEBUG] cheese - admin
[2021-04-11T16:14:49.752] [DEBUG] cheese - null
[2021-04-11T16:14:49.753] [DEBUG] cheese - null
[2021-04-11T16:18:47.410] [DEBUG] cheese - login => username:admin,password:123456
[2021-04-11T16:18:47.410] [DEBUG] cheese - admin
[2021-04-11T16:18:47.413] [DEBUG] cheese - null
[2021-04-11T16:18:47.413] [DEBUG] cheese - null
[2021-04-11T16:19:40.165] [DEBUG] cheese - login => username:admin,password:123456
[2021-04-11T16:19:40.165] [DEBUG] cheese - admin
[2021-04-11T16:19:40.168] [DEBUG] cheese - null
[2021-04-11T16:19:40.168] [DEBUG] cheese - null
[2021-04-11T16:23:06.191] [DEBUG] cheese - login => username:admin,password:123456
[2021-04-11T16:23:06.192] [DEBUG] cheese - admin
[2021-04-11T16:23:06.195] [DEBUG] cheese - null
[2021-04-11T16:23:06.195] [DEBUG] cheese - null
[2021-04-11T16:25:50.701] [DEBUG] cheese - login => username:admin,password:123456
[2021-04-11T16:25:50.701] [DEBUG] cheese - admin
[2021-04-11T16:25:50.704] [DEBUG] cheese - null
[2021-04-11T16:25:50.704] [DEBUG] cheese - null
[2021-04-11T16:35:06.103] [DEBUG] cheese - login => username:admin,password:123456
[2021-04-11T16:35:06.104] [DEBUG] cheese - admin
[2021-04-11T16:35:06.110] [DEBUG] cheese - null
[2021-04-11T16:35:06.110] [DEBUG] cheese - null
[2021-04-12T23:59:06.777] [DEBUG] cheese - login => username:admin,password:123456
[2021-04-12T23:59:06.777] [DEBUG] cheese - admin
[2021-04-12T23:59:06.792] [DEBUG] cheese - null
[2021-04-12T23:59:06.792] [DEBUG] cheese - null
[2021-04-12T23:59:18.489] [DEBUG] cheese - login => username:admin,password:123456
[2021-04-12T23:59:18.490] [DEBUG] cheese - admin
[2021-04-12T23:59:18.493] [DEBUG] cheese - null
[2021-04-12T23:59:18.493] [DEBUG] cheese - null
[2021-04-13T00:03:20.383] [DEBUG] cheese - login => username:admin,password:123456
[2021-04-13T00:03:20.384] [DEBUG] cheese - admin
[2021-04-13T00:03:20.387] [DEBUG] cheese - null
[2021-04-13T00:03:20.387] [DEBUG] cheese - null
[2021-04-13T00:04:55.446] [DEBUG] cheese - login => username:admin,password:123456
[2021-04-13T00:04:55.446] [DEBUG] cheese - admin
[2021-04-13T00:04:55.449] [DEBUG] cheese - null
[2021-04-13T00:04:55.449] [DEBUG] cheese - null
[2021-04-13T00:05:45.645] [DEBUG] cheese - login => username:admin,password:123456
[2021-04-13T00:05:45.645] [DEBUG] cheese - admin
[2021-04-13T00:05:45.649] [DEBUG] cheese - null
[2021-04-13T00:05:45.650] [DEBUG] cheese - null
[2021-04-15T21:31:20.355] [DEBUG] cheese - login => username:admin,password:123456
[2021-04-15T21:31:20.357] [DEBUG] cheese - admin
[2021-04-15T21:31:20.389] [DEBUG] cheese - null
[2021-04-15T21:31:20.390] [DEBUG] cheese - null
[2021-04-15T21:33:12.331] [DEBUG] cheese - login => username:admin,password:123456
[2021-04-15T21:33:12.331] [DEBUG] cheese - admin
[2021-04-15T21:33:12.335] [DEBUG] cheese - null
[2021-04-15T21:33:12.336] [DEBUG] cheese - null
[2021-04-15T21:59:49.688] [DEBUG] cheese - login => username:admin,password:123456
[2021-04-15T21:59:49.688] [DEBUG] cheese - admin
[2021-04-15T21:59:49.696] [DEBUG] cheese - null
[2021-04-15T21:59:49.696] [DEBUG] cheese - null
[2021-04-15T22:00:01.394] [DEBUG] cheese - login => username:admin,password:123456
[2021-04-15T22:00:01.394] [DEBUG] cheese - admin
[2021-04-15T22:00:01.397] [DEBUG] cheese - null
[2021-04-15T22:00:01.397] [DEBUG] cheese - null
[2021-04-15T22:01:09.146] [DEBUG] cheese - login => username:admin,password:123456
[2021-04-15T22:01:09.146] [DEBUG] cheese - admin
[2021-04-15T22:01:09.150] [DEBUG] cheese - null
[2021-04-15T22:01:09.150] [DEBUG] cheese - null
[2021-04-15T22:55:31.314] [DEBUG] cheese - login => username:admin,password:123456
[2021-04-15T22:55:31.315] [DEBUG] cheese - admin
[2021-04-15T22:55:31.329] [DEBUG] cheese - null
[2021-04-15T22:55:31.329] [DEBUG] cheese - null
[2021-04-16T01:24:32.266] [DEBUG] cheese - login => username:admin,password:123456
[2021-04-16T01:24:32.267] [DEBUG] cheese - admin
[2021-04-16T01:24:32.274] [DEBUG] cheese - null
[2021-04-16T01:24:32.274] [DEBUG] cheese - null
[2021-04-16T01:29:17.357] [DEBUG] cheese - login => username:admin,password:123456
[2021-04-16T01:29:17.357] [DEBUG] cheese - admin
[2021-04-16T01:29:17.360] [DEBUG] cheese - null
[2021-04-16T01:29:17.361] [DEBUG] cheese - null
[2021-04-16T01:37:09.068] [DEBUG] cheese - login => username:admin,password:123456
[2021-04-16T01:37:09.069] [DEBUG] cheese - admin
[2021-04-16T01:37:09.075] [DEBUG] cheese - null
[2021-04-16T01:37:09.075] [DEBUG] cheese - null
[2021-04-16T06:49:18.119] [DEBUG] cheese - login => username:admin,password:123456
[2021-04-16T06:49:18.120] [DEBUG] cheese - admin
[2021-04-16T06:49:18.129] [DEBUG] cheese - null
[2021-04-16T06:49:18.129] [DEBUG] cheese - null
[2021-04-16T06:55:03.592] [DEBUG] cheese - login => username:admin,password:123456
[2021-04-16T06:55:03.592] [DEBUG] cheese - admin
[2021-04-16T06:55:03.600] [DEBUG] cheese - null
[2021-04-16T06:55:03.600] [DEBUG] cheese - null
[2021-04-18T12:28:12.752] [DEBUG] cheese - login => username:admin,password:123456
[2021-04-18T12:28:12.758] [DEBUG] cheese - admin
[2021-04-18T12:28:12.805] [DEBUG] cheese - null
[2021-04-18T12:28:12.806] [DEBUG] cheese - null
[2021-04-18T21:54:23.756] [DEBUG] cheese - login => username:admin,password:123456
[2021-04-18T21:54:23.758] [DEBUG] cheese - admin
[2021-04-18T21:54:23.798] [DEBUG] cheese - null
[2021-04-18T21:54:23.798] [DEBUG] cheese - null
[2021-04-18T22:06:58.158] [DEBUG] cheese - login => username:admin,password:123456
[2021-04-18T22:06:58.159] [DEBUG] cheese - admin
[2021-04-18T22:06:58.163] [DEBUG] cheese - null
[2021-04-18T22:06:58.163] [DEBUG] cheese - null
[2021-04-18T23:13:06.149] [DEBUG] cheese - login => username:admin,password:123456
[2021-04-18T23:13:06.150] [DEBUG] cheese - admin
[2021-04-18T23:13:06.160] [DEBUG] cheese - null
[2021-04-18T23:13:06.161] [DEBUG] cheese - null
[2021-04-18T23:17:39.810] [DEBUG] cheese - login => username:admin,password:123456
[2021-04-18T23:17:39.811] [DEBUG] cheese - admin
[2021-04-18T23:17:39.820] [DEBUG] cheese - null
[2021-04-18T23:17:39.821] [DEBUG] cheese - null
[2021-04-18T23:23:55.906] [DEBUG] cheese - login => username:admin,password:123456
[2021-04-18T23:23:55.906] [DEBUG] cheese - admin
[2021-04-18T23:23:55.911] [DEBUG] cheese - null
[2021-04-18T23:23:55.911] [DEBUG] cheese - null
[2021-04-18T23:24:05.576] [DEBUG] cheese - login => username:admin,password:123456
[2021-04-18T23:24:05.578] [DEBUG] cheese - admin
[2021-04-18T23:24:05.581] [DEBUG] cheese - null
[2021-04-18T23:24:05.581] [DEBUG] cheese - null
[2021-04-18T23:25:17.268] [DEBUG] cheese - login => username:admin,password:123456
[2021-04-18T23:25:17.268] [DEBUG] cheese - admin
[2021-04-18T23:25:17.274] [DEBUG] cheese - null
[2021-04-18T23:25:17.274] [DEBUG] cheese - null
[2021-04-18T23:25:33.637] [DEBUG] cheese - login => username:admin,password:123456
[2021-04-18T23:25:33.637] [DEBUG] cheese - admin
[2021-04-18T23:25:33.643] [DEBUG] cheese - null
[2021-04-18T23:25:33.643] [DEBUG] cheese - null
[2021-04-19T07:24:03.541] [DEBUG] cheese - login => username:admin,password:123456
[2021-04-19T07:24:03.541] [DEBUG] cheese - admin
[2021-04-19T07:24:03.552] [DEBUG] cheese - null
[2021-04-19T07:24:03.552] [DEBUG] cheese - null
[2021-04-20T07:17:13.019] [DEBUG] cheese - login => username:admin,password:123456
[2021-04-20T07:17:13.020] [DEBUG] cheese - admin
[2021-04-20T07:17:13.040] [DEBUG] cheese - null
[2021-04-20T07:17:13.041] [DEBUG] cheese - null
[2021-04-20T22:37:42.515] [DEBUG] cheese - login => username:admin,password:123456
[2021-04-20T22:37:42.516] [DEBUG] cheese - admin
[2021-04-20T22:37:42.542] [DEBUG] cheese - null
[2021-04-20T22:37:42.543] [DEBUG] cheese - null
[2021-04-20T23:53:46.768] [DEBUG] cheese - login => username:admin,password:123456
[2021-04-20T23:53:46.769] [DEBUG] cheese - admin
[2021-04-20T23:53:46.781] [DEBUG] cheese - null
[2021-04-20T23:53:46.782] [DEBUG] cheese - null
[2021-04-21T23:10:36.885] [DEBUG] cheese - login => username:admin,password:123456
[2021-04-21T23:10:36.885] [DEBUG] cheese - admin
[2021-04-21T23:10:36.916] [DEBUG] cheese - null
[2021-04-21T23:10:36.916] [DEBUG] cheese - null
[2021-04-23T00:07:38.065] [DEBUG] cheese - login => username:admin,password:123456
[2021-04-23T00:07:38.066] [DEBUG] cheese - admin
[2021-04-23T00:07:38.088] [DEBUG] cheese - null
[2021-04-23T00:07:38.088] [DEBUG] cheese - null
[2021-05-05T21:55:46.218] [DEBUG] cheese - login => username:admin,password:123456
[2021-05-05T21:55:46.219] [DEBUG] cheese - admin
[2021-05-05T21:55:46.243] [DEBUG] cheese - null
[2021-05-05T21:55:46.243] [DEBUG] cheese - null
[2021-05-11T21:34:56.125] [DEBUG] cheese - login => username:admin,password:123456
[2021-05-11T21:34:56.132] [DEBUG] cheese - admin
[2021-05-11T21:34:56.179] [DEBUG] cheese - null
[2021-05-11T21:34:56.180] [DEBUG] cheese - null
[2021-05-11T22:53:18.502] [DEBUG] cheese - login => username:admin,password:123456
[2021-05-11T22:53:18.503] [DEBUG] cheese - admin
[2021-05-11T22:53:18.525] [DEBUG] cheese - null
[2021-05-11T22:53:18.525] [DEBUG] cheese - null
[2021-05-11T23:30:49.563] [DEBUG] cheese - login => username:admin,password:123456
[2021-05-11T23:30:49.563] [DEBUG] cheese - admin
[2021-05-11T23:30:49.567] [DEBUG] cheese - null
[2021-05-11T23:30:49.567] [DEBUG] cheese - null
[2021-05-14T07:08:55.386] [DEBUG] cheese - login => username:admin,password:123456
[2021-05-14T07:08:55.393] [DEBUG] cheese - admin
[2021-05-14T07:08:55.443] [DEBUG] cheese - null
[2021-05-14T07:08:55.444] [DEBUG] cheese - null
[2021-06-14T22:28:06.592] [DEBUG] cheese - login => username:admin,password:123456
[2021-06-14T22:28:06.594] [DEBUG] cheese - admin
[2021-06-14T22:28:06.619] [DEBUG] cheese - null
[2021-06-14T22:28:06.620] [DEBUG] cheese - null
[2021-06-14T22:30:11.450] [DEBUG] cheese - login => username:admin,password:123456
[2021-06-14T22:30:11.450] [DEBUG] cheese - admin
[2021-06-14T22:30:11.458] [DEBUG] cheese - null
[2021-06-14T22:30:11.459] [DEBUG] cheese - null
[2021-06-14T22:33:34.106] [DEBUG] cheese - login => username:admin,password:123456
[2021-06-14T22:33:34.107] [DEBUG] cheese - admin
[2021-06-14T22:33:34.114] [DEBUG] cheese - null
[2021-06-14T22:33:34.115] [DEBUG] cheese - null
[2021-06-27T10:46:19.846] [DEBUG] cheese - login => username:admin,password:123456
[2021-06-27T10:46:19.847] [DEBUG] cheese - admin
[2021-06-27T10:46:19.867] [DEBUG] cheese - null
[2021-06-27T10:46:19.867] [DEBUG] cheese - null
[2021-06-27T23:34:32.447] [DEBUG] cheese - login => username:admin,password:123456
[2021-06-27T23:34:32.448] [DEBUG] cheese - admin
[2021-06-27T23:34:32.474] [DEBUG] cheese - null
[2021-06-27T23:34:32.475] [DEBUG] cheese - null
[2021-07-07T23:50:17.305] [DEBUG] cheese - login => username:admin,password:123456
[2021-07-07T23:50:17.306] [DEBUG] cheese - admin
[2021-07-07T23:50:17.328] [DEBUG] cheese - null
[2021-07-07T23:50:17.328] [DEBUG] cheese - null
[2021-07-07T23:50:58.859] [DEBUG] cheese - login => username:admin,password:123456
[2021-07-07T23:50:58.859] [DEBUG] cheese - admin
[2021-07-07T23:50:58.863] [DEBUG] cheese - null
[2021-07-07T23:50:58.863] [DEBUG] cheese - null
[2021-07-11T17:55:37.444] [DEBUG] cheese - login => username:admin,password:123456
[2021-07-11T17:55:37.445] [DEBUG] cheese - admin
[2021-07-11T17:55:37.472] [DEBUG] cheese - null
[2021-07-11T17:55:37.472] [DEBUG] cheese - null
[2021-07-11T18:00:07.910] [DEBUG] cheese - login => username:admin,password:123456
[2021-07-11T18:00:07.910] [DEBUG] cheese - admin
[2021-07-11T18:00:07.919] [DEBUG] cheese - null
[2021-07-11T18:00:07.919] [DEBUG] cheese - null
[2021-07-15T22:21:37.145] [DEBUG] cheese - login => username:admin,password:123456
[2021-07-15T22:21:37.146] [DEBUG] cheese - admin
[2021-07-15T22:21:37.172] [DEBUG] cheese - null
[2021-07-15T22:21:37.173] [DEBUG] cheese - null
[2021-07-15T22:23:46.809] [DEBUG] cheese - login => username:admin,password:123456
[2021-07-15T22:23:46.809] [DEBUG] cheese - admin
[2021-07-15T22:23:46.816] [DEBUG] cheese - null
[2021-07-15T22:23:46.816] [DEBUG] cheese - null
[2021-07-15T22:35:10.514] [DEBUG] cheese - login => username:admin,password:123456
[2021-07-15T22:35:10.514] [DEBUG] cheese - admin
[2021-07-15T22:35:10.518] [DEBUG] cheese - null
[2021-07-15T22:35:10.518] [DEBUG] cheese - null
[2021-07-16T07:42:10.183] [DEBUG] cheese - login => username:admin,password:123456
[2021-07-16T07:42:10.185] [DEBUG] cheese - admin
[2021-07-16T07:42:10.220] [DEBUG] cheese - null
[2021-07-16T07:42:10.222] [DEBUG] cheese - null
[2021-07-19T22:01:50.135] [DEBUG] cheese - login => username:admin,password:123456
[2021-07-19T22:01:50.136] [DEBUG] cheese - admin
[2021-07-19T22:01:50.165] [DEBUG] cheese - null
[2021-07-19T22:01:50.166] [DEBUG] cheese - null
[2021-07-20T00:27:49.329] [DEBUG] cheese - login => username:admin,password:123456
[2021-07-20T00:27:49.330] [DEBUG] cheese - admin
[2021-07-20T00:27:49.335] [DEBUG] cheese - null
[2021-07-20T00:27:49.335] [DEBUG] cheese - null
[2021-07-21T22:48:04.980] [DEBUG] cheese - login => username:admin,password:123456
[2021-07-21T22:48:04.981] [DEBUG] cheese - admin
[2021-07-21T22:48:04.991] [DEBUG] cheese - null
[2021-07-21T22:48:04.991] [DEBUG] cheese - null
[2021-07-21T22:57:48.851] [DEBUG] cheese - login => username:admin,password:123456
[2021-07-21T22:57:48.851] [DEBUG] cheese - admin
[2021-07-21T22:57:48.855] [DEBUG] cheese - null
[2021-07-21T22:57:48.855] [DEBUG] cheese - null
[2021-08-20T01:37:37.309] [DEBUG] cheese - login => username:admin,password:123456
[2021-08-20T01:37:37.311] [DEBUG] cheese - admin
[2021-08-20T01:37:37.336] [DEBUG] cheese - null
[2021-08-20T01:37:37.337] [DEBUG] cheese - null
[2021-10-17T16:02:52.896] [DEBUG] cheese - login => username:admin,password:123456
[2021-10-17T16:02:52.902] [DEBUG] cheese - admin
[2021-10-17T16:02:52.983] [DEBUG] cheese - null
[2021-10-17T16:02:52.984] [DEBUG] cheese - null
[2021-10-17T16:03:20.129] [DEBUG] cheese - login => username:admin,password:123456
[2021-10-17T16:03:20.130] [DEBUG] cheese - admin
[2021-10-17T16:03:20.134] [DEBUG] cheese - null
[2021-10-17T16:03:20.134] [DEBUG] cheese - null
[2021-10-17T16:03:24.076] [DEBUG] cheese - login => username:admin,password:123456
[2021-10-17T16:03:24.076] [DEBUG] cheese - admin
[2021-10-17T16:03:24.081] [DEBUG] cheese - null
[2021-10-17T16:03:24.081] [DEBUG] cheese - null
[2021-10-17T16:17:33.430] [DEBUG] cheese - login => username:admin,password:123456
[2021-10-17T16:17:33.430] [DEBUG] cheese - admin
[2021-10-17T16:17:33.436] [DEBUG] cheese - null
[2021-10-17T16:17:33.436] [DEBUG] cheese - null
[2021-10-17T16:19:52.270] [DEBUG] cheese - login => username:admin,password:123456
[2021-10-17T16:19:52.270] [DEBUG] cheese - admin
[2021-10-17T16:19:52.274] [DEBUG] cheese - null
[2021-10-17T16:19:52.274] [DEBUG] cheese - null
[2021-10-17T16:20:16.302] [DEBUG] cheese - login => username:admin,password:123456
[2021-10-17T16:20:16.302] [DEBUG] cheese - admin
[2021-10-17T16:20:16.306] [DEBUG] cheese - null
[2021-10-17T16:20:16.306] [DEBUG] cheese - null
[2021-10-17T16:21:00.150] [DEBUG] cheese - login => username:admin,password:123456
[2021-10-17T16:21:00.151] [DEBUG] cheese - admin
[2021-10-17T16:21:00.154] [DEBUG] cheese - null
[2021-10-17T16:21:00.154] [DEBUG] cheese - null
[2021-10-17T16:21:47.223] [DEBUG] cheese - login => username:admin,password:123456
[2021-10-17T16:21:47.223] [DEBUG] cheese - admin
[2021-10-17T16:21:47.228] [DEBUG] cheese - null
[2021-10-17T16:21:47.229] [DEBUG] cheese - null
[2021-10-17T16:22:00.407] [DEBUG] cheese - login => username:admin,password:123456
[2021-10-17T16:22:00.407] [DEBUG] cheese - admin
[2021-10-17T16:22:00.410] [DEBUG] cheese - null
[2021-10-17T16:22:00.410] [DEBUG] cheese - null
[2021-10-17T16:34:04.450] [DEBUG] cheese - login => username:admin,password:123456
[2021-10-17T16:34:04.450] [DEBUG] cheese - admin
[2021-10-17T16:34:04.454] [DEBUG] cheese - null
[2021-10-17T16:34:04.454] [DEBUG] cheese - null
[2021-10-17T16:34:57.005] [DEBUG] cheese - login => username:admin,password:123456
[2021-10-17T16:34:57.005] [DEBUG] cheese - admin
[2021-10-17T16:34:57.008] [DEBUG] cheese - null
[2021-10-17T16:34:57.008] [DEBUG] cheese - null
[2021-10-17T17:01:38.962] [DEBUG] cheese - login => username:admin,password:123456
[2021-10-17T17:01:38.962] [DEBUG] cheese - admin
[2021-10-17T17:01:38.967] [DEBUG] cheese - null
[2021-10-17T17:01:38.967] [DEBUG] cheese - null
[2021-10-17T17:02:33.868] [DEBUG] cheese - login => username:admin,password:123456
[2021-10-17T17:02:33.869] [DEBUG] cheese - admin
[2021-10-17T17:02:33.872] [DEBUG] cheese - null
[2021-10-17T17:02:33.873] [DEBUG] cheese - null
[2021-10-17T17:03:42.319] [DEBUG] cheese - login => username:admin,password:123456
[2021-10-17T17:03:42.319] [DEBUG] cheese - admin
[2021-10-17T17:03:42.323] [DEBUG] cheese - null
[2021-10-17T17:03:42.323] [DEBUG] cheese - null
[2021-10-17T17:04:04.323] [DEBUG] cheese - login => username:admin,password:123456
[2021-10-17T17:04:04.323] [DEBUG] cheese - admin
[2021-10-17T17:04:04.329] [DEBUG] cheese - null
[2021-10-17T17:04:04.329] [DEBUG] cheese - null
[2021-10-17T17:28:46.760] [DEBUG] cheese - login => username:admin,password:123456
[2021-10-17T17:28:46.760] [DEBUG] cheese - admin
[2021-10-17T17:28:46.765] [DEBUG] cheese - null
[2021-10-17T17:28:46.765] [DEBUG] cheese - null
[2021-10-17T17:30:02.654] [DEBUG] cheese - login => username:admin,password:123456
[2021-10-17T17:30:02.654] [DEBUG] cheese - admin
[2021-10-17T17:30:02.658] [DEBUG] cheese - null
[2021-10-17T17:30:02.658] [DEBUG] cheese - null
[2021-10-17T17:30:20.785] [DEBUG] cheese - login => username:admin,password:123456
[2021-10-17T17:30:20.785] [DEBUG] cheese - admin
[2021-10-17T17:30:20.788] [DEBUG] cheese - null
[2021-10-17T17:30:20.788] [DEBUG] cheese - null
[2021-10-17T17:33:30.107] [DEBUG] cheese - login => username:admin123,password:123456
[2021-10-17T17:33:30.107] [DEBUG] cheese - admin123
[2021-10-17T17:33:30.111] [DEBUG] cheese - null
[2021-10-17T17:33:30.111] [DEBUG] cheese - null
[2021-10-17T17:33:36.511] [DEBUG] cheese - login => username:admin,password:123456
[2021-10-17T17:33:36.511] [DEBUG] cheese - admin
[2021-10-17T17:33:36.515] [DEBUG] cheese - null
[2021-10-17T17:33:36.515] [DEBUG] cheese - null
[2021-10-17T17:36:26.795] [DEBUG] cheese - login => username:admin,password:123456
[2021-10-17T17:36:26.795] [DEBUG] cheese - admin
[2021-10-17T17:36:26.797] [DEBUG] cheese - null
[2021-10-17T17:36:26.797] [DEBUG] cheese - null
[2021-10-17T17:47:50.631] [DEBUG] cheese - login => username:123,password:pass123
[2021-10-17T17:47:50.631] [DEBUG] cheese - 123
[2021-10-17T17:47:50.635] [DEBUG] cheese - null
[2021-10-17T17:47:50.635] [DEBUG] cheese - null
[2021-10-17T17:47:54.812] [DEBUG] cheese - login => username:admin,password:123456
[2021-10-17T17:47:54.812] [DEBUG] cheese - admin
[2021-10-17T17:47:54.817] [DEBUG] cheese - null
[2021-10-17T17:47:54.817] [DEBUG] cheese - null
[2021-10-17T17:52:29.087] [DEBUG] cheese - login => username:admin,password:123456
[2021-10-17T17:52:29.087] [DEBUG] cheese - admin
[2021-10-17T17:52:29.091] [DEBUG] cheese - null
[2021-10-17T17:52:29.091] [DEBUG] cheese - null
[2021-10-17T17:56:04.780] [DEBUG] cheese - login => username:admin,password:123456
[2021-10-17T17:56:04.780] [DEBUG] cheese - admin
[2021-10-17T17:56:04.782] [DEBUG] cheese - null
[2021-10-17T17:56:04.782] [DEBUG] cheese - null
[2021-10-17T18:29:32.438] [DEBUG] cheese - login => username:admin,password:123456
[2021-10-17T18:29:32.439] [DEBUG] cheese - admin
[2021-10-17T18:29:32.442] [DEBUG] cheese - null
[2021-10-17T18:29:32.443] [DEBUG] cheese - null
[2021-10-17T18:46:34.895] [DEBUG] cheese - login => username:admin,password:123456
[2021-10-17T18:46:34.895] [DEBUG] cheese - admin
[2021-10-17T18:46:34.899] [DEBUG] cheese - null
[2021-10-17T18:46:34.899] [DEBUG] cheese - null
[2021-10-17T18:48:12.631] [DEBUG] cheese - login => username:admin,password:123456
[2021-10-17T18:48:12.632] [DEBUG] cheese - admin
[2021-10-17T18:48:12.635] [DEBUG] cheese - null
[2021-10-17T18:48:12.635] [DEBUG] cheese - null
[2021-10-17T18:50:22.128] [DEBUG] cheese - login => username:admin,password:123456
[2021-10-17T18:50:22.128] [DEBUG] cheese - admin
[2021-10-17T18:50:22.131] [DEBUG] cheese - null
[2021-10-17T18:50:22.132] [DEBUG] cheese - null
[2021-10-17T18:54:10.367] [DEBUG] cheese - login => username:admin,password:123456
[2021-10-17T18:54:10.367] [DEBUG] cheese - admin
[2021-10-17T18:54:10.370] [DEBUG] cheese - null
[2021-10-17T18:54:10.370] [DEBUG] cheese - null
[2021-10-17T19:10:34.311] [DEBUG] cheese - login => username:admin,password:123456
[2021-10-17T19:10:34.311] [DEBUG] cheese - admin
[2021-10-17T19:10:34.314] [DEBUG] cheese - null
[2021-10-17T19:10:34.314] [DEBUG] cheese - null
[2021-10-17T19:12:29.470] [DEBUG] cheese - login => username:admin,password:123456
[2021-10-17T19:12:29.470] [DEBUG] cheese - admin
[2021-10-17T19:12:29.472] [DEBUG] cheese - null
[2021-10-17T19:12:29.472] [DEBUG] cheese - null
[2021-10-17T19:16:25.048] [DEBUG] cheese - login => username:admin,password:123456
[2021-10-17T19:16:25.049] [DEBUG] cheese - admin
[2021-10-17T19:16:25.052] [DEBUG] cheese - null
[2021-10-17T19:16:25.052] [DEBUG] cheese - null
[2021-10-17T19:17:08.392] [DEBUG] cheese - login => username:admin,password:123456
[2021-10-17T19:17:08.392] [DEBUG] cheese - admin
[2021-10-17T19:17:08.395] [DEBUG] cheese - null
[2021-10-17T19:17:08.395] [DEBUG] cheese - null
[2021-10-17T19:17:21.739] [DEBUG] cheese - login => username:admin,password:123456
[2021-10-17T19:17:21.739] [DEBUG] cheese - admin
[2021-10-17T19:17:21.742] [DEBUG] cheese - null
[2021-10-17T19:17:21.742] [DEBUG] cheese - null
[2021-10-17T19:17:36.545] [DEBUG] cheese - login => username:admin,password:123456
[2021-10-17T19:17:36.545] [DEBUG] cheese - admin
[2021-10-17T19:17:36.547] [DEBUG] cheese - null
[2021-10-17T19:17:36.547] [DEBUG] cheese - null
[2021-10-17T19:20:21.495] [DEBUG] cheese - login => username:admin,password:123456
[2021-10-17T19:20:21.495] [DEBUG] cheese - admin
[2021-10-17T19:20:21.499] [DEBUG] cheese - null
[2021-10-17T19:20:21.499] [DEBUG] cheese - null
[2021-10-17T19:21:23.390] [DEBUG] cheese - login => username:admin,password:123456
[2021-10-17T19:21:23.391] [DEBUG] cheese - admin
[2021-10-17T19:21:23.394] [DEBUG] cheese - null
[2021-10-17T19:21:23.394] [DEBUG] cheese - null
[2021-10-17T19:27:59.664] [DEBUG] cheese - login => username:admin,password:123456
[2021-10-17T19:27:59.664] [DEBUG] cheese - admin
[2021-10-17T19:27:59.669] [DEBUG] cheese - null
[2021-10-17T19:27:59.670] [DEBUG] cheese - null
[2021-10-17T19:32:47.655] [DEBUG] cheese - login => username:admin,password:123456
[2021-10-17T19:32:47.655] [DEBUG] cheese - admin
[2021-10-17T19:32:47.659] [DEBUG] cheese - null
[2021-10-17T19:32:47.659] [DEBUG] cheese - null
[2021-10-17T19:33:51.407] [DEBUG] cheese - login => username:admin,password:123456
[2021-10-17T19:33:51.407] [DEBUG] cheese - admin
[2021-10-17T19:33:51.411] [DEBUG] cheese - null
[2021-10-17T19:33:51.411] [DEBUG] cheese - null
[2021-10-17T19:36:33.399] [DEBUG] cheese - login => username:admin,password:123456
[2021-10-17T19:36:33.399] [DEBUG] cheese - admin
[2021-10-17T19:36:33.402] [DEBUG] cheese - null
[2021-10-17T19:36:33.402] [DEBUG] cheese - null
[2021-10-17T19:44:56.423] [DEBUG] cheese - login => username:admin,password:123456
[2021-10-17T19:44:56.423] [DEBUG] cheese - admin
[2021-10-17T19:44:56.428] [DEBUG] cheese - null
[2021-10-17T19:44:56.429] [DEBUG] cheese - null
[2021-10-17T19:50:09.523] [DEBUG] cheese - login => username:admin,password:123456
[2021-10-17T19:50:09.523] [DEBUG] cheese - admin
[2021-10-17T19:50:09.526] [DEBUG] cheese - null
[2021-10-17T19:50:09.526] [DEBUG] cheese - null
[2021-10-17T19:50:53.201] [DEBUG] cheese - login => username:admin,password:123456
[2021-10-17T19:50:53.201] [DEBUG] cheese - admin
[2021-10-17T19:50:53.204] [DEBUG] cheese - null
[2021-10-17T19:50:53.204] [DEBUG] cheese - null
[2021-10-17T19:51:55.693] [DEBUG] cheese - login => username:admin,password:123456
[2021-10-17T19:51:55.693] [DEBUG] cheese - admin
[2021-10-17T19:51:55.696] [DEBUG] cheese - null
[2021-10-17T19:51:55.696] [DEBUG] cheese - null
[2021-10-17T19:52:43.191] [DEBUG] cheese - login => username:admin,password:123456
[2021-10-17T19:52:43.191] [DEBUG] cheese - admin
[2021-10-17T19:52:43.194] [DEBUG] cheese - null
[2021-10-17T19:52:43.194] [DEBUG] cheese - null
[2021-10-17T20:01:06.536] [DEBUG] cheese - login => username:admin,password:123456
[2021-10-17T20:01:06.536] [DEBUG] cheese - admin
[2021-10-17T20:01:06.540] [DEBUG] cheese - null
[2021-10-17T20:01:06.540] [DEBUG] cheese - null
[2021-10-17T20:04:57.130] [DEBUG] cheese - login => username:admin,password:123456
[2021-10-17T20:04:57.130] [DEBUG] cheese - admin
[2021-10-17T20:04:57.133] [DEBUG] cheese - null
[2021-10-17T20:04:57.133] [DEBUG] cheese - null
[2021-10-17T21:35:54.223] [DEBUG] cheese - login => username:admin,password:123456
[2021-10-17T21:35:54.223] [DEBUG] cheese - admin
[2021-10-17T21:35:54.227] [DEBUG] cheese - null
[2021-10-17T21:35:54.227] [DEBUG] cheese - null
[2021-10-17T21:36:14.710] [DEBUG] cheese - login => username:admin,password:123456
[2021-10-17T21:36:14.710] [DEBUG] cheese - admin
[2021-10-17T21:36:14.713] [DEBUG] cheese - null
[2021-10-17T21:36:14.713] [DEBUG] cheese - null
[2021-10-17T21:38:35.248] [DEBUG] cheese - login => username:admin,password:123456
[2021-10-17T21:38:35.248] [DEBUG] cheese - admin
[2021-10-17T21:38:35.251] [DEBUG] cheese - null
[2021-10-17T21:38:35.251] [DEBUG] cheese - null
[2021-10-17T21:39:29.330] [DEBUG] cheese - login => username:admin,password:123456
[2021-10-17T21:39:29.330] [DEBUG] cheese - admin
[2021-10-17T21:39:29.334] [DEBUG] cheese - null
[2021-10-17T21:39:29.334] [DEBUG] cheese - null
[2021-10-17T21:39:49.976] [DEBUG] cheese - login => username:admin,password:123456
[2021-10-17T21:39:49.976] [DEBUG] cheese - admin
[2021-10-17T21:39:49.979] [DEBUG] cheese - null
[2021-10-17T21:39:49.979] [DEBUG] cheese - null
[2021-10-17T21:59:33.406] [DEBUG] cheese - login => username:admin,password:123456
[2021-10-17T21:59:33.406] [DEBUG] cheese - admin
[2021-10-17T21:59:33.409] [DEBUG] cheese - null
[2021-10-17T21:59:33.409] [DEBUG] cheese - null
[2021-10-17T22:00:17.439] [DEBUG] cheese - login => username:admin,password:123456
[2021-10-17T22:00:17.439] [DEBUG] cheese - admin
[2021-10-17T22:00:17.441] [DEBUG] cheese - null
[2021-10-17T22:00:17.441] [DEBUG] cheese - null
[2021-10-17T22:02:17.817] [DEBUG] cheese - login => username:admin,password:123456
[2021-10-17T22:02:17.817] [DEBUG] cheese - admin
[2021-10-17T22:02:17.821] [DEBUG] cheese - null
[2021-10-17T22:02:17.821] [DEBUG] cheese - null
[2021-10-17T22:04:44.938] [DEBUG] cheese - login => username:admin,password:123456
[2021-10-17T22:04:44.938] [DEBUG] cheese - admin
[2021-10-17T22:04:44.941] [DEBUG] cheese - null
[2021-10-17T22:04:44.941] [DEBUG] cheese - null
[2021-10-17T22:08:30.831] [DEBUG] cheese - login => username:admin,password:123456
[2021-10-17T22:08:30.832] [DEBUG] cheese - admin
[2021-10-17T22:08:30.835] [DEBUG] cheese - null
[2021-10-17T22:08:30.835] [DEBUG] cheese - null
[2021-10-17T22:09:18.407] [DEBUG] cheese - login => username:admin,password:123456
[2021-10-17T22:09:18.407] [DEBUG] cheese - admin
[2021-10-17T22:09:18.411] [DEBUG] cheese - null
[2021-10-17T22:09:18.411] [DEBUG] cheese - null
[2021-10-17T22:09:37.378] [DEBUG] cheese - login => username:admin,password:123456
[2021-10-17T22:09:37.378] [DEBUG] cheese - admin
[2021-10-17T22:09:37.381] [DEBUG] cheese - null
[2021-10-17T22:09:37.381] [DEBUG] cheese - null
[2021-10-17T22:14:57.454] [DEBUG] cheese - login => username:admin,password:123456
[2021-10-17T22:14:57.454] [DEBUG] cheese - admin
[2021-10-17T22:14:57.457] [DEBUG] cheese - null
[2021-10-17T22:14:57.457] [DEBUG] cheese - null
[2021-10-17T22:18:11.252] [DEBUG] cheese - login => username:admin,password:123456
[2021-10-17T22:18:11.253] [DEBUG] cheese - admin
[2021-10-17T22:18:11.255] [DEBUG] cheese - null
[2021-10-17T22:18:11.255] [DEBUG] cheese - null
[2021-10-17T22:20:05.792] [DEBUG] cheese - login => username:admin,password:123456
[2021-10-17T22:20:05.792] [DEBUG] cheese - admin
[2021-10-17T22:20:05.796] [DEBUG] cheese - null
[2021-10-17T22:20:05.796] [DEBUG] cheese - null
[2021-10-17T22:21:38.124] [DEBUG] cheese - login => username:admin,password:123456
[2021-10-17T22:21:38.124] [DEBUG] cheese - admin
[2021-10-17T22:21:38.127] [DEBUG] cheese - null
[2021-10-17T22:21:38.127] [DEBUG] cheese - null
[2021-10-17T22:22:34.497] [DEBUG] cheese - login => username:admin,password:123456
[2021-10-17T22:22:34.497] [DEBUG] cheese - admin
[2021-10-17T22:22:34.500] [DEBUG] cheese - null
[2021-10-17T22:22:34.500] [DEBUG] cheese - null
[2021-10-17T22:23:52.095] [DEBUG] cheese - login => username:admin,password:123456
[2021-10-17T22:23:52.096] [DEBUG] cheese - admin
[2021-10-17T22:23:52.100] [DEBUG] cheese - null
[2021-10-17T22:23:52.100] [DEBUG] cheese - null
[2021-10-17T22:24:00.455] [DEBUG] cheese - login => username:admin,password:123456
[2021-10-17T22:24:00.455] [DEBUG] cheese - admin
[2021-10-17T22:24:00.457] [DEBUG] cheese - null
[2021-10-17T22:24:00.457] [DEBUG] cheese - null
[2021-10-17T22:24:24.207] [DEBUG] cheese - login => username:admin,password:123456
[2021-10-17T22:24:24.207] [DEBUG] cheese - admin
[2021-10-17T22:24:24.210] [DEBUG] cheese - null
[2021-10-17T22:24:24.210] [DEBUG] cheese - null
[2021-10-17T22:25:08.144] [DEBUG] cheese - login => username:admin,password:123456
[2021-10-17T22:25:08.144] [DEBUG] cheese - admin
[2021-10-17T22:25:08.147] [DEBUG] cheese - null
[2021-10-17T22:25:08.147] [DEBUG] cheese - null
[2021-10-17T22:26:01.656] [DEBUG] cheese - login => username:admin,password:123456
[2021-10-17T22:26:01.656] [DEBUG] cheese - admin
[2021-10-17T22:26:01.659] [DEBUG] cheese - null
[2021-10-17T22:26:01.659] [DEBUG] cheese - null
[2021-10-17T22:26:59.073] [DEBUG] cheese - login => username:admin,password:123456
[2021-10-17T22:26:59.073] [DEBUG] cheese - admin
[2021-10-17T22:26:59.077] [DEBUG] cheese - null
[2021-10-17T22:26:59.077] [DEBUG] cheese - null
[2021-10-17T22:29:09.777] [DEBUG] cheese - login => username:admin,password:123456
[2021-10-17T22:29:09.777] [DEBUG] cheese - admin
[2021-10-17T22:29:09.780] [DEBUG] cheese - null
[2021-10-17T22:29:09.780] [DEBUG] cheese - null
[2021-10-17T22:30:15.475] [DEBUG] cheese - login => username:admin,password:123456
[2021-10-17T22:30:15.475] [DEBUG] cheese - admin
[2021-10-17T22:30:15.478] [DEBUG] cheese - null
[2021-10-17T22:30:15.479] [DEBUG] cheese - null
[2021-10-17T22:30:17.337] [DEBUG] cheese - login => username:admin,password:123456
[2021-10-17T22:30:17.337] [DEBUG] cheese - admin
[2021-10-17T22:30:17.339] [DEBUG] cheese - null
[2021-10-17T22:30:17.339] [DEBUG] cheese - null
[2021-10-17T22:30:18.167] [DEBUG] cheese - login => username:admin,password:123456
[2021-10-17T22:30:18.167] [DEBUG] cheese - admin
[2021-10-17T22:30:18.171] [DEBUG] cheese - null
[2021-10-17T22:30:18.171] [DEBUG] cheese - null
[2021-10-17T22:30:22.690] [DEBUG] cheese - login => username:admin,password:123456
[2021-10-17T22:30:22.690] [DEBUG] cheese - admin
[2021-10-17T22:30:22.693] [DEBUG] cheese - null
[2021-10-17T22:30:22.693] [DEBUG] cheese - null
[2021-10-17T22:30:27.525] [DEBUG] cheese - login => username:admin,password:123456
[2021-10-17T22:30:27.525] [DEBUG] cheese - admin
[2021-10-17T22:30:27.530] [DEBUG] cheese - null
[2021-10-17T22:30:27.530] [DEBUG] cheese - null
[2021-10-17T22:30:41.433] [DEBUG] cheese - login => username:admin,password:123456
[2021-10-17T22:30:41.434] [DEBUG] cheese - admin
[2021-10-17T22:30:41.436] [DEBUG] cheese - null
[2021-10-17T22:30:41.436] [DEBUG] cheese - null
[2021-10-17T22:31:07.558] [DEBUG] cheese - login => username:admin,password:123456
[2021-10-17T22:31:07.558] [DEBUG] cheese - admin
[2021-10-17T22:31:07.562] [DEBUG] cheese - null
[2021-10-17T22:31:07.562] [DEBUG] cheese - null
[2021-10-17T22:31:45.651] [DEBUG] cheese - login => username:admin,password:123456
[2021-10-17T22:31:45.651] [DEBUG] cheese - admin
[2021-10-17T22:31:45.654] [DEBUG] cheese - null
[2021-10-17T22:31:45.654] [DEBUG] cheese - null
[2021-10-17T22:36:33.397] [DEBUG] cheese - login => username:admin,password:123456
[2021-10-17T22:36:33.397] [DEBUG] cheese - admin
[2021-10-17T22:36:33.402] [DEBUG] cheese - null
[2021-10-17T22:36:33.402] [DEBUG] cheese - null
[2021-10-17T22:42:49.170] [DEBUG] cheese - login => username:admin,password:123456
[2021-10-17T22:42:49.171] [DEBUG] cheese - admin
[2021-10-17T22:42:49.174] [DEBUG] cheese - null
[2021-10-17T22:42:49.174] [DEBUG] cheese - null
[2021-10-17T22:50:01.611] [DEBUG] cheese - login => username:admin,password:123456
[2021-10-17T22:50:01.611] [DEBUG] cheese - admin
[2021-10-17T22:50:01.615] [DEBUG] cheese - null
[2021-10-17T22:50:01.615] [DEBUG] cheese - null
[2021-10-17T22:50:34.351] [DEBUG] cheese - login => username:admin,password:123456
[2021-10-17T22:50:34.351] [DEBUG] cheese - admin
[2021-10-17T22:50:34.354] [DEBUG] cheese - null
[2021-10-17T22:50:34.354] [DEBUG] cheese - null
[2021-10-17T22:52:17.706] [DEBUG] cheese - login => username:admin,password:123456
[2021-10-17T22:52:17.706] [DEBUG] cheese - admin
[2021-10-17T22:52:17.711] [DEBUG] cheese - null
[2021-10-17T22:52:17.711] [DEBUG] cheese - null
[2021-10-30T15:56:50.907] [DEBUG] cheese - login => username:admin,password:123456
[2021-10-30T15:56:50.908] [DEBUG] cheese - admin
[2021-10-30T15:56:50.928] [DEBUG] cheese - null
[2021-10-30T15:56:50.928] [DEBUG] cheese - null
[2021-10-31T20:51:38.072] [DEBUG] cheese - login => username:admin,password:123456
[2021-10-31T20:51:38.075] [DEBUG] cheese - admin
[2021-10-31T20:51:38.089] [DEBUG] cheese - null
[2021-10-31T20:51:38.090] [DEBUG] cheese - null
[2021-11-21T14:22:08.844] [DEBUG] cheese - login => username:admin,password:123456
[2021-11-21T14:22:08.847] [DEBUG] cheese - admin
[2021-11-21T14:22:08.884] [DEBUG] cheese - null
[2021-11-21T14:22:08.884] [DEBUG] cheese - null
[2021-11-21T14:22:30.630] [DEBUG] cheese - login => username:admin,password:123456
[2021-11-21T14:22:30.630] [DEBUG] cheese - admin
[2021-11-21T14:22:30.635] [DEBUG] cheese - null
[2021-11-21T14:22:30.635] [DEBUG] cheese - null
[2021-11-21T14:26:15.835] [DEBUG] cheese - login => username:admin,password:123456
[2021-11-21T14:26:15.836] [DEBUG] cheese - admin
[2021-11-21T14:26:15.839] [DEBUG] cheese - null
[2021-11-21T14:26:15.839] [DEBUG] cheese - null
[2021-12-06T20:55:32.692] [DEBUG] cheese - login => username:admin,password:123456
[2021-12-06T20:55:32.693] [DEBUG] cheese - admin
[2021-12-06T20:55:32.721] [DEBUG] cheese - null
[2021-12-06T20:55:32.722] [DEBUG] cheese - null
[2022-07-05T22:36:11.761] [DEBUG] cheese - login => username:admin,password:123456
[2022-07-05T22:36:11.765] [DEBUG] cheese - admin
[2022-07-05T22:36:11.814] [DEBUG] cheese - null
[2022-07-05T22:36:11.815] [DEBUG] cheese - null
[2022-07-05T23:30:14.225] [DEBUG] cheese - login => username:admin,password:123456
[2022-07-05T23:30:14.226] [DEBUG] cheese - admin
[2022-07-05T23:30:14.242] [DEBUG] cheese - null
[2022-07-05T23:30:14.243] [DEBUG] cheese - null
[2022-11-12T20:15:02.954] [DEBUG] cheese - login => username:admin,password:123456
[2022-11-12T20:15:02.955] [DEBUG] cheese - admin
[2022-11-12T20:15:02.976] [DEBUG] cheese - null
[2022-11-12T20:15:02.977] [DEBUG] cheese - null
[2022-11-13T16:47:14.800] [DEBUG] cheese - login => username:admin,password:123456
[2022-11-13T16:47:14.805] [DEBUG] cheese - admin
[2022-11-13T16:47:14.852] [DEBUG] cheese - null
[2022-11-13T16:47:14.854] [DEBUG] cheese - null
[2022-11-26T21:40:10.216] [DEBUG] cheese - login => username:admin,password:123456
[2022-11-26T21:40:10.217] [DEBUG] cheese - admin
[2022-11-26T21:40:10.225] [DEBUG] cheese - null
[2022-11-26T21:40:10.226] [DEBUG] cheese - null
[2022-11-26T22:05:02.351] [DEBUG] cheese - login => username:admin,password:123456
[2022-11-26T22:05:02.351] [DEBUG] cheese - admin
[2022-11-26T22:05:02.353] [DEBUG] cheese - null
[2022-11-26T22:05:02.353] [DEBUG] cheese - null
[2022-11-26T22:05:13.352] [DEBUG] cheese - login => username:admin,password:123456
[2022-11-26T22:05:13.352] [DEBUG] cheese - admin
[2022-11-26T22:05:13.353] [DEBUG] cheese - null
[2022-11-26T22:05:13.353] [DEBUG] cheese - null
[2022-11-27T20:01:38.067] [DEBUG] cheese - login => username:admin,password:123456
[2022-11-27T20:01:38.068] [DEBUG] cheese - admin
[2022-11-27T20:01:38.094] [DEBUG] cheese - null
[2022-11-27T20:01:38.094] [DEBUG] cheese - null
[2022-11-27T21:52:11.455] [DEBUG] cheese - login => username:admin,password:123456
[2022-11-27T21:52:11.455] [DEBUG] cheese - admin
[2022-11-27T21:52:11.457] [DEBUG] cheese - null
[2022-11-27T21:52:11.457] [DEBUG] cheese - null
[2022-11-27T21:53:03.058] [DEBUG] cheese - login => username:admin,password:123456
[2022-11-27T21:53:03.058] [DEBUG] cheese - admin
[2022-11-27T21:53:03.060] [DEBUG] cheese - null
[2022-11-27T21:53:03.060] [DEBUG] cheese - null
[2022-11-27T22:04:51.634] [DEBUG] cheese - login => username:admin,password:123456aaa
[2022-11-27T22:04:51.634] [DEBUG] cheese - admin
[2022-11-27T22:04:51.636] [DEBUG] cheese - null
[2022-11-27T22:04:51.637] [DEBUG] cheese - null
[2022-11-27T22:04:55.999] [DEBUG] cheese - login => username:admin,password:123456aaa
[2022-11-27T22:04:55.999] [DEBUG] cheese - admin
[2022-11-27T22:04:56.001] [DEBUG] cheese - null
[2022-11-27T22:04:56.001] [DEBUG] cheese - null
[2022-11-27T22:09:26.705] [DEBUG] cheese - login => username:admin,password:123456
[2022-11-27T22:09:26.705] [DEBUG] cheese - admin
[2022-11-27T22:09:26.707] [DEBUG] cheese - null
[2022-11-27T22:09:26.707] [DEBUG] cheese - null
[2022-11-27T22:34:07.869] [DEBUG] cheese - login => username:admin,password:123456
[2022-11-27T22:34:07.869] [DEBUG] cheese - admin
[2022-11-27T22:34:07.871] [DEBUG] cheese - null
[2022-11-27T22:34:07.871] [DEBUG] cheese - null
[2022-11-27T23:20:31.568] [DEBUG] cheese - login => username:admin,password:123456
[2022-11-27T23:20:31.568] [DEBUG] cheese - admin
[2022-11-27T23:20:31.571] [DEBUG] cheese - null
[2022-11-27T23:20:31.571] [DEBUG] cheese - null
[2022-11-27T23:52:52.522] [DEBUG] cheese - login => username:admin,password:123456
[2022-11-27T23:52:52.522] [DEBUG] cheese - admin
[2022-11-27T23:52:52.524] [DEBUG] cheese - null
[2022-11-27T23:52:52.524] [DEBUG] cheese - null
[2022-11-27T23:53:17.743] [DEBUG] cheese - login => username:admin,password:123456
[2022-11-27T23:53:17.743] [DEBUG] cheese - admin
[2022-11-27T23:53:17.745] [DEBUG] cheese - null
[2022-11-27T23:53:17.745] [DEBUG] cheese - null
[2022-11-27T23:53:21.588] [DEBUG] cheese - login => username:admin,password:123456
[2022-11-27T23:53:21.589] [DEBUG] cheese - admin
[2022-11-27T23:53:21.590] [DEBUG] cheese - null
[2022-11-27T23:53:21.590] [DEBUG] cheese - null
[2022-11-29T21:05:27.404] [DEBUG] cheese - login => username:admin,password:123456
[2022-11-29T21:05:27.405] [DEBUG] cheese - admin
[2022-11-29T21:05:27.428] [DEBUG] cheese - null
[2022-11-29T21:05:27.429] [DEBUG] cheese - null
[2022-11-29T21:05:32.794] [DEBUG] cheese - login => username:admin,password:123456
[2022-11-29T21:05:32.794] [DEBUG] cheese - admin
[2022-11-29T21:05:32.796] [DEBUG] cheese - null
[2022-11-29T21:05:32.796] [DEBUG] cheese - null
[2022-11-29T21:05:33.138] [DEBUG] cheese - login => username:admin,password:123456
[2022-11-29T21:05:33.138] [DEBUG] cheese - admin
[2022-11-29T21:05:33.140] [DEBUG] cheese - null
[2022-11-29T21:05:33.140] [DEBUG] cheese - null
[2022-11-29T21:05:35.371] [DEBUG] cheese - login => username:admin,password:123456
[2022-11-29T21:05:35.371] [DEBUG] cheese - admin
[2022-11-29T21:05:35.374] [DEBUG] cheese - null
[2022-11-29T21:05:35.374] [DEBUG] cheese - null
[2022-11-29T21:06:05.295] [DEBUG] cheese - login => username:admin,password:123456
[2022-11-29T21:06:05.295] [DEBUG] cheese - admin
[2022-11-29T21:06:05.297] [DEBUG] cheese - null
[2022-11-29T21:06:05.297] [DEBUG] cheese - null
[2022-11-29T21:06:07.241] [DEBUG] cheese - login => username:admin,password:123456
[2022-11-29T21:06:07.241] [DEBUG] cheese - admin
[2022-11-29T21:06:07.243] [DEBUG] cheese - null
[2022-11-29T21:06:07.243] [DEBUG] cheese - null
[2022-11-29T21:06:20.926] [DEBUG] cheese - login => username:admin,password:123456
[2022-11-29T21:06:20.926] [DEBUG] cheese - admin
[2022-11-29T21:06:20.928] [DEBUG] cheese - null
[2022-11-29T21:06:20.928] [DEBUG] cheese - null
[2022-11-29T21:06:36.568] [DEBUG] cheese - login => username:admin,password:123456
[2022-11-29T21:06:36.568] [DEBUG] cheese - admin
[2022-11-29T21:06:36.569] [DEBUG] cheese - null
[2022-11-29T21:06:36.570] [DEBUG] cheese - null
[2022-11-29T21:06:37.979] [DEBUG] cheese - login => username:admin,password:123456
[2022-11-29T21:06:37.979] [DEBUG] cheese - admin
[2022-11-29T21:06:37.981] [DEBUG] cheese - null
[2022-11-29T21:06:37.981] [DEBUG] cheese - null
[2022-11-29T21:06:50.893] [DEBUG] cheese - login => username:admin,password:123456
[2022-11-29T21:06:50.893] [DEBUG] cheese - admin
[2022-11-29T21:06:50.895] [DEBUG] cheese - null
[2022-11-29T21:06:50.895] [DEBUG] cheese - null
[2022-11-29T21:07:13.923] [DEBUG] cheese - login => username:admin,password:123456
[2022-11-29T21:07:13.923] [DEBUG] cheese - admin
[2022-11-29T21:07:13.925] [DEBUG] cheese - null
[2022-11-29T21:07:13.925] [DEBUG] cheese - null
[2022-11-29T21:07:20.574] [DEBUG] cheese - login => username:admin,password:123456
[2022-11-29T21:07:20.574] [DEBUG] cheese - admin
[2022-11-29T21:07:20.576] [DEBUG] cheese - null
[2022-11-29T21:07:20.576] [DEBUG] cheese - null
[2022-11-29T21:07:49.044] [DEBUG] cheese - login => username:admin,password:123456
[2022-11-29T21:07:49.044] [DEBUG] cheese - admin
[2022-11-29T21:07:49.047] [DEBUG] cheese - null
[2022-11-29T21:07:49.047] [DEBUG] cheese - null
[2022-11-29T21:08:01.523] [DEBUG] cheese - login => username:admin,password:123456
[2022-11-29T21:08:01.523] [DEBUG] cheese - admin
[2022-11-29T21:08:01.525] [DEBUG] cheese - null
[2022-11-29T21:08:01.525] [DEBUG] cheese - null
[2022-11-29T21:08:12.832] [DEBUG] cheese - login => username:admin,password:123456
[2022-11-29T21:08:12.832] [DEBUG] cheese - admin
[2022-11-29T21:08:12.833] [DEBUG] cheese - null
[2022-11-29T21:08:12.833] [DEBUG] cheese - null
[2023-01-29T20:30:17.709] [DEBUG] cheese - login => username:admin,password:123456
[2023-01-29T20:30:17.710] [DEBUG] cheese - admin
[2023-01-29T20:30:17.728] [DEBUG] cheese - null
[2023-01-29T20:30:17.729] [DEBUG] cheese - null
[2023-01-29T20:43:08.978] [DEBUG] cheese - login => username:admin,password:123456
[2023-01-29T20:43:08.978] [DEBUG] cheese - admin
[2023-01-29T20:43:08.980] [DEBUG] cheese - null
[2023-01-29T20:43:08.980] [DEBUG] cheese - null
[2023-01-31T14:05:24.228] [DEBUG] cheese - login => username:admin,password:123456
[2023-01-31T14:05:24.229] [DEBUG] cheese - admin
[2023-01-31T14:05:24.247] [DEBUG] cheese - null
[2023-01-31T14:05:24.247] [DEBUG] cheese - null
[2023-01-31T14:25:11.669] [DEBUG] cheese - login => username:admin,password:123456
[2023-01-31T14:25:11.669] [DEBUG] cheese - admin
[2023-01-31T14:25:11.671] [DEBUG] cheese - null
[2023-01-31T14:25:11.671] [DEBUG] cheese - null
[2023-01-31T14:26:22.548] [DEBUG] cheese - login => username:admin,password:123456
[2023-01-31T14:26:22.548] [DEBUG] cheese - admin
[2023-01-31T14:26:22.551] [DEBUG] cheese - null
[2023-01-31T14:26:22.551] [DEBUG] cheese - null
[2023-01-31T14:36:23.821] [DEBUG] cheese - login => username:admin,password:123456
[2023-01-31T14:36:23.821] [DEBUG] cheese - admin
[2023-01-31T14:36:23.823] [DEBUG] cheese - null
[2023-01-31T14:36:23.823] [DEBUG] cheese - null
[2023-01-31T14:36:38.984] [DEBUG] cheese - login => username:admin,password:123456
[2023-01-31T14:36:38.984] [DEBUG] cheese - admin
[2023-01-31T14:36:38.986] [DEBUG] cheese - null
[2023-01-31T14:36:38.986] [DEBUG] cheese - null
[2023-01-31T19:53:18.923] [DEBUG] cheese - login => username:admin,password:123456
[2023-01-31T19:53:18.923] [DEBUG] cheese - admin
[2023-01-31T19:53:18.925] [DEBUG] cheese - null
[2023-01-31T19:53:18.925] [DEBUG] cheese - null
